<?xml version="1.0" encoding="UTF-8"?>
<!-- Generated by org.testng.reporters.JUnitReportReporter -->
<testsuite skipped="0" hostname="Dev" name="net.j2store.checkout.KaplanAssignmentTest" tests="1" failures="0" timestamp="2022-09-04T11:01:00 IST" time="18.313" errors="0">
  <testcase name="assignmentTest" time="18.313" classname="net.j2store.checkout.KaplanAssignmentTest"/>
  <system-out>
    <![CDATA[Successfully Data fetched from the excel sheet
Successfully Data fetched from the excel sheet
Successfully Data fetched from the excel sheet
Successfully Data fetched from the excel sheet
Successfully fetched the title of the webpage
Assertion Pass ---> Home match with the current page title
Successfully mouse hovered on the Shop tab
Successfully clicked on the T-Shirts element
Successfully Clicked on blog Tab
Successfully fetched the title of the webpage
Assertion Pass ---> Blog match with the current page title
Successfully navigated Homepage using SiteOrigin Page Builder blog post page
Successfully Webpage scrolled till the Recent Product Text element aligned top of the webpage
Successfully added the Toaster4 product into the cart
Successfully Webpage scrolled to top of the webpage
Successfully mouse hovered on the Cart tab
Successfully navigated the checkout page for the Toaster4 product
Successfully data decoded
Successfully clicked on the continue as new customer button
Successfully selected India from the dropdown
Successfully selected Karnataka from the dropdown
Successfully entered all the Registration details into all the textfields
Successfully clicked on the Continue button for registration
Successfully controlled waited till the PaymentMethod Button element visible
Successfully clicked on the payment method button
Successfully controlled waited till the Order Summary Text element visible
Assertion Pass ---> Toaster4 match with the current element text
Successfully Webpage scrolled till the Confirm Order Header element aligned top of the webpage
Successfully controlled waited till the Place Order Button element visible
Successfully click on the confirm the order button]]>
  </system-out>
</testsuite> <!-- net.j2store.checkout.KaplanAssignmentTest -->
